Determining if the pthread_create exist failed with the following output:
Change Dir: /home/vinstarry/projects/osdesign/design1_2/cmake-build-debug/CMakeFiles/CMakeTmp

Run Build Command:"/usr/bin/make" "cmTC_6a3d0/fast"
/usr/bin/make -f CMakeFiles/cmTC_6a3d0.dir/build.make CMakeFiles/cmTC_6a3d0.dir/build
make[1]: Entering directory '/home/vinstarry/projects/osdesign/design1_2/cmake-build-debug/CMakeFiles/CMakeTmp'
Building C object CMakeFiles/cmTC_6a3d0.dir/CheckSymbolExists.c.o
/usr/bin/cc   -std=gnu11 -o CMakeFiles/cmTC_6a3d0.dir/CheckSymbolExists.c.o   -c /home/vinstarry/projects/osdesign/design1_2/cmake-build-debug/CMakeFiles/CMakeTmp/CheckSymbolExists.c
Linking C executable cmTC_6a3d0
/home/vinstarry/.local/share/JetBrains/Toolbox/apps/CLion/ch-0/183.4886.39/bin/cmake/linux/bin/cmake -E cmake_link_script CMakeFiles/cmTC_6a3d0.dir/link.txt --verbose=1
/usr/bin/cc      CMakeFiles/cmTC_6a3d0.dir/CheckSymbolExists.c.o  -o cmTC_6a3d0 
CMakeFiles/cmTC_6a3d0.dir/CheckSymbolExists.c.o: In function `main':
CheckSymbolExists.c:(.text+0x1b): undefined reference to `pthread_create'
collect2: error: ld returned 1 exit status
CMakeFiles/cmTC_6a3d0.dir/build.make:86: recipe for target 'cmTC_6a3d0' failed
make[1]: *** [cmTC_6a3d0] Error 1
make[1]: Leaving directory '/home/vinstarry/projects/osdesign/design1_2/cmake-build-debug/CMakeFiles/CMakeTmp'
Makefile:121: recipe for target 'cmTC_6a3d0/fast' failed
make: *** [cmTC_6a3d0/fast] Error 2

File /home/vinstarry/projects/osdesign/design1_2/cmake-build-debug/CMakeFiles/CMakeTmp/CheckSymbolExists.c:
/* */
#include <pthread.h>

int main(int argc, char** argv)
{
  (void)argv;
#ifndef pthread_create
  return ((int*)(&pthread_create))[argc];
#else
  (void)argc;
  return 0;
#endif
}

Determining if the function pthread_create exists in the pthreads failed with the following output:
Change Dir: /home/vinstarry/projects/osdesign/design1_2/cmake-build-debug/CMakeFiles/CMakeTmp

Run Build Command:"/usr/bin/make" "cmTC_6b6b8/fast"
/usr/bin/make -f CMakeFiles/cmTC_6b6b8.dir/build.make CMakeFiles/cmTC_6b6b8.dir/build
make[1]: Entering directory '/home/vinstarry/projects/osdesign/design1_2/cmake-build-debug/CMakeFiles/CMakeTmp'
Building C object CMakeFiles/cmTC_6b6b8.dir/CheckFunctionExists.c.o
/usr/bin/cc   -DCHECK_FUNCTION_EXISTS=pthread_create   -std=gnu11 -o CMakeFiles/cmTC_6b6b8.dir/CheckFunctionExists.c.o   -c /home/vinstarry/.local/share/JetBrains/Toolbox/apps/CLion/ch-0/183.4886.39/bin/cmake/linux/share/cmake-3.13/Modules/CheckFunctionExists.c
Linking C executable cmTC_6b6b8
/home/vinstarry/.local/share/JetBrains/Toolbox/apps/CLion/ch-0/183.4886.39/bin/cmake/linux/bin/cmake -E cmake_link_script CMakeFiles/cmTC_6b6b8.dir/link.txt --verbose=1
/usr/bin/cc  -DCHECK_FUNCTION_EXISTS=pthread_create    CMakeFiles/cmTC_6b6b8.dir/CheckFunctionExists.c.o  -o cmTC_6b6b8 -lpthreads 
/usr/bin/ld: cannot find -lpthreads
collect2: error: ld returned 1 exit status
CMakeFiles/cmTC_6b6b8.dir/build.make:86: recipe for target 'cmTC_6b6b8' failed
make[1]: *** [cmTC_6b6b8] Error 1
make[1]: Leaving directory '/home/vinstarry/projects/osdesign/design1_2/cmake-build-debug/CMakeFiles/CMakeTmp'
Makefile:121: recipe for target 'cmTC_6b6b8/fast' failed
make: *** [cmTC_6b6b8/fast] Error 2


