Determining if the pthread_create exist failed with the following output:
Change Dir: /home/vinstarry/projects/osdesign/multhread_copy/cmake-build-debug/CMakeFiles/CMakeTmp

Run Build Command:"/usr/bin/make" "cmTC_eb28b/fast"
/usr/bin/make -f CMakeFiles/cmTC_eb28b.dir/build.make CMakeFiles/cmTC_eb28b.dir/build
make[1]: Entering directory '/home/vinstarry/projects/osdesign/multhread_copy/cmake-build-debug/CMakeFiles/CMakeTmp'
Building C object CMakeFiles/cmTC_eb28b.dir/CheckSymbolExists.c.o
/usr/bin/cc   -std=gnu11 -o CMakeFiles/cmTC_eb28b.dir/CheckSymbolExists.c.o   -c /home/vinstarry/projects/osdesign/multhread_copy/cmake-build-debug/CMakeFiles/CMakeTmp/CheckSymbolExists.c
Linking C executable cmTC_eb28b
/home/vinstarry/.local/share/JetBrains/Toolbox/apps/CLion/ch-0/183.4886.39/bin/cmake/linux/bin/cmake -E cmake_link_script CMakeFiles/cmTC_eb28b.dir/link.txt --verbose=1
/usr/bin/cc      CMakeFiles/cmTC_eb28b.dir/CheckSymbolExists.c.o  -o cmTC_eb28b 
CMakeFiles/cmTC_eb28b.dir/CheckSymbolExists.c.o: In function `main':
CheckSymbolExists.c:(.text+0x1b): undefined reference to `pthread_create'
collect2: error: ld returned 1 exit status
CMakeFiles/cmTC_eb28b.dir/build.make:86: recipe for target 'cmTC_eb28b' failed
make[1]: *** [cmTC_eb28b] Error 1
make[1]: Leaving directory '/home/vinstarry/projects/osdesign/multhread_copy/cmake-build-debug/CMakeFiles/CMakeTmp'
Makefile:121: recipe for target 'cmTC_eb28b/fast' failed
make: *** [cmTC_eb28b/fast] Error 2

File /home/vinstarry/projects/osdesign/multhread_copy/cmake-build-debug/CMakeFiles/CMakeTmp/CheckSymbolExists.c:
/* */
#include <pthread.h>

int main(int argc, char** argv)
{
  (void)argv;
#ifndef pthread_create
  return ((int*)(&pthread_create))[argc];
#else
  (void)argc;
  return 0;
#endif
}

Determining if the function pthread_create exists in the pthreads failed with the following output:
Change Dir: /home/vinstarry/projects/osdesign/multhread_copy/cmake-build-debug/CMakeFiles/CMakeTmp

Run Build Command:"/usr/bin/make" "cmTC_51e3a/fast"
/usr/bin/make -f CMakeFiles/cmTC_51e3a.dir/build.make CMakeFiles/cmTC_51e3a.dir/build
make[1]: Entering directory '/home/vinstarry/projects/osdesign/multhread_copy/cmake-build-debug/CMakeFiles/CMakeTmp'
Building C object CMakeFiles/cmTC_51e3a.dir/CheckFunctionExists.c.o
/usr/bin/cc   -DCHECK_FUNCTION_EXISTS=pthread_create   -std=gnu11 -o CMakeFiles/cmTC_51e3a.dir/CheckFunctionExists.c.o   -c /home/vinstarry/.local/share/JetBrains/Toolbox/apps/CLion/ch-0/183.4886.39/bin/cmake/linux/share/cmake-3.13/Modules/CheckFunctionExists.c
Linking C executable cmTC_51e3a
/home/vinstarry/.local/share/JetBrains/Toolbox/apps/CLion/ch-0/183.4886.39/bin/cmake/linux/bin/cmake -E cmake_link_script CMakeFiles/cmTC_51e3a.dir/link.txt --verbose=1
/usr/bin/cc  -DCHECK_FUNCTION_EXISTS=pthread_create    CMakeFiles/cmTC_51e3a.dir/CheckFunctionExists.c.o  -o cmTC_51e3a -lpthreads 
/usr/bin/ld: cannot find -lpthreads
collect2: error: ld returned 1 exit status
CMakeFiles/cmTC_51e3a.dir/build.make:86: recipe for target 'cmTC_51e3a' failed
make[1]: *** [cmTC_51e3a] Error 1
make[1]: Leaving directory '/home/vinstarry/projects/osdesign/multhread_copy/cmake-build-debug/CMakeFiles/CMakeTmp'
Makefile:121: recipe for target 'cmTC_51e3a/fast' failed
make: *** [cmTC_51e3a/fast] Error 2


