Determining if the pthread_create exist failed with the following output:
Change Dir: /home/vinstarry/projects/osdesign/design1_1/cmake-build-debug/CMakeFiles/CMakeTmp

Run Build Command:"/usr/bin/make" "cmTC_97eb2/fast"
make[1]: Entering directory '/home/vinstarry/projects/osdesign/design1_1/cmake-build-debug/CMakeFiles/CMakeTmp'
/usr/bin/make -f CMakeFiles/cmTC_97eb2.dir/build.make CMakeFiles/cmTC_97eb2.dir/build
make[2]: Entering directory '/home/vinstarry/projects/osdesign/design1_1/cmake-build-debug/CMakeFiles/CMakeTmp'
Building C object CMakeFiles/cmTC_97eb2.dir/CheckSymbolExists.c.o
/usr/bin/cc   -std=gnu11 -o CMakeFiles/cmTC_97eb2.dir/CheckSymbolExists.c.o   -c /home/vinstarry/projects/osdesign/design1_1/cmake-build-debug/CMakeFiles/CMakeTmp/CheckSymbolExists.c
Linking C executable cmTC_97eb2
/home/vinstarry/.local/share/JetBrains/Toolbox/apps/CLion/ch-0/183.4886.39/bin/cmake/linux/bin/cmake -E cmake_link_script CMakeFiles/cmTC_97eb2.dir/link.txt --verbose=1
/usr/bin/cc      CMakeFiles/cmTC_97eb2.dir/CheckSymbolExists.c.o  -o cmTC_97eb2 
CMakeFiles/cmTC_97eb2.dir/CheckSymbolExists.c.o: In function `main':
CheckSymbolExists.c:(.text+0x1b): undefined reference to `pthread_create'
collect2: error: ld returned 1 exit status
CMakeFiles/cmTC_97eb2.dir/build.make:86: recipe for target 'cmTC_97eb2' failed
make[2]: *** [cmTC_97eb2] Error 1
make[2]: Leaving directory '/home/vinstarry/projects/osdesign/design1_1/cmake-build-debug/CMakeFiles/CMakeTmp'
Makefile:121: recipe for target 'cmTC_97eb2/fast' failed
make[1]: *** [cmTC_97eb2/fast] Error 2
make[1]: Leaving directory '/home/vinstarry/projects/osdesign/design1_1/cmake-build-debug/CMakeFiles/CMakeTmp'

File /home/vinstarry/projects/osdesign/design1_1/cmake-build-debug/CMakeFiles/CMakeTmp/CheckSymbolExists.c:
/* */
#include <pthread.h>

int main(int argc, char** argv)
{
  (void)argv;
#ifndef pthread_create
  return ((int*)(&pthread_create))[argc];
#else
  (void)argc;
  return 0;
#endif
}

Determining if the function pthread_create exists in the pthreads failed with the following output:
Change Dir: /home/vinstarry/projects/osdesign/design1_1/cmake-build-debug/CMakeFiles/CMakeTmp

Run Build Command:"/usr/bin/make" "cmTC_a4e3e/fast"
make[1]: Entering directory '/home/vinstarry/projects/osdesign/design1_1/cmake-build-debug/CMakeFiles/CMakeTmp'
/usr/bin/make -f CMakeFiles/cmTC_a4e3e.dir/build.make CMakeFiles/cmTC_a4e3e.dir/build
make[2]: Entering directory '/home/vinstarry/projects/osdesign/design1_1/cmake-build-debug/CMakeFiles/CMakeTmp'
Building C object CMakeFiles/cmTC_a4e3e.dir/CheckFunctionExists.c.o
/usr/bin/cc   -DCHECK_FUNCTION_EXISTS=pthread_create   -std=gnu11 -o CMakeFiles/cmTC_a4e3e.dir/CheckFunctionExists.c.o   -c /home/vinstarry/.local/share/JetBrains/Toolbox/apps/CLion/ch-0/183.4886.39/bin/cmake/linux/share/cmake-3.13/Modules/CheckFunctionExists.c
Linking C executable cmTC_a4e3e
/home/vinstarry/.local/share/JetBrains/Toolbox/apps/CLion/ch-0/183.4886.39/bin/cmake/linux/bin/cmake -E cmake_link_script CMakeFiles/cmTC_a4e3e.dir/link.txt --verbose=1
/usr/bin/cc  -DCHECK_FUNCTION_EXISTS=pthread_create    CMakeFiles/cmTC_a4e3e.dir/CheckFunctionExists.c.o  -o cmTC_a4e3e -lpthreads 
/usr/bin/ld: cannot find -lpthreads
collect2: error: ld returned 1 exit status
CMakeFiles/cmTC_a4e3e.dir/build.make:86: recipe for target 'cmTC_a4e3e' failed
make[2]: *** [cmTC_a4e3e] Error 1
make[2]: Leaving directory '/home/vinstarry/projects/osdesign/design1_1/cmake-build-debug/CMakeFiles/CMakeTmp'
Makefile:121: recipe for target 'cmTC_a4e3e/fast' failed
make[1]: *** [cmTC_a4e3e/fast] Error 2
make[1]: Leaving directory '/home/vinstarry/projects/osdesign/design1_1/cmake-build-debug/CMakeFiles/CMakeTmp'


